<?xml version="1.0" encoding="UTF-8"?>
<testsuite xmlns:xsi="http://www.w3.org/2001/XMLSchema-instance" xsi:noNamespaceSchemaLocation="https://maven.apache.org/surefire/maven-surefire-plugin/xsd/surefire-test-report-3.0.xsd" version="3.0" name="TestSuite" time="0.998" tests="1" errors="0" skipped="0" failures="1">
  <properties>
    <property name="java.specification.version" value="17"/>
    <property name="sun.jnu.encoding" value="UTF-8"/>
    <property name="java.class.path" value="/Users/sarthakdayanand/Documents/HMRCDigital/DevWorkspace/TestAutomationDemo/target/test-classes:/Users/sarthakdayanand/Documents/HMRCDigital/DevWorkspace/TestAutomationDemo/target/classes:/Users/sarthakdayanand/.m2/repository/org/seleniumhq/selenium/selenium-java/3.141.59/selenium-java-3.141.59.jar:/Users/sarthakdayanand/.m2/repository/org/seleniumhq/selenium/selenium-api/3.141.59/selenium-api-3.141.59.jar:/Users/sarthakdayanand/.m2/repository/org/seleniumhq/selenium/selenium-chrome-driver/3.141.59/selenium-chrome-driver-3.141.59.jar:/Users/sarthakdayanand/.m2/repository/org/seleniumhq/selenium/selenium-edge-driver/3.141.59/selenium-edge-driver-3.141.59.jar:/Users/sarthakdayanand/.m2/repository/org/seleniumhq/selenium/selenium-firefox-driver/3.141.59/selenium-firefox-driver-3.141.59.jar:/Users/sarthakdayanand/.m2/repository/org/seleniumhq/selenium/selenium-ie-driver/3.141.59/selenium-ie-driver-3.141.59.jar:/Users/sarthakdayanand/.m2/repository/org/seleniumhq/selenium/selenium-opera-driver/3.141.59/selenium-opera-driver-3.141.59.jar:/Users/sarthakdayanand/.m2/repository/org/seleniumhq/selenium/selenium-remote-driver/3.141.59/selenium-remote-driver-3.141.59.jar:/Users/sarthakdayanand/.m2/repository/org/seleniumhq/selenium/selenium-safari-driver/3.141.59/selenium-safari-driver-3.141.59.jar:/Users/sarthakdayanand/.m2/repository/org/seleniumhq/selenium/selenium-support/3.141.59/selenium-support-3.141.59.jar:/Users/sarthakdayanand/.m2/repository/net/bytebuddy/byte-buddy/1.8.15/byte-buddy-1.8.15.jar:/Users/sarthakdayanand/.m2/repository/org/apache/commons/commons-exec/1.3/commons-exec-1.3.jar:/Users/sarthakdayanand/.m2/repository/com/google/guava/guava/25.0-jre/guava-25.0-jre.jar:/Users/sarthakdayanand/.m2/repository/com/google/code/findbugs/jsr305/1.3.9/jsr305-1.3.9.jar:/Users/sarthakdayanand/.m2/repository/org/checkerframework/checker-compat-qual/2.0.0/checker-compat-qual-2.0.0.jar:/Users/sarthakdayanand/.m2/repository/com/google/errorprone/error_prone_annotations/2.1.3/error_prone_annotations-2.1.3.jar:/Users/sarthakdayanand/.m2/repository/com/google/j2objc/j2objc-annotations/1.1/j2objc-annotations-1.1.jar:/Users/sarthakdayanand/.m2/repository/org/codehaus/mojo/animal-sniffer-annotations/1.14/animal-sniffer-annotations-1.14.jar:/Users/sarthakdayanand/.m2/repository/com/squareup/okhttp3/okhttp/3.11.0/okhttp-3.11.0.jar:/Users/sarthakdayanand/.m2/repository/com/squareup/okio/okio/1.14.0/okio-1.14.0.jar:/Users/sarthakdayanand/.m2/repository/io/github/bonigarcia/webdrivermanager/5.3.3/webdrivermanager-5.3.3.jar:/Users/sarthakdayanand/.m2/repository/org/slf4j/slf4j-api/2.0.7/slf4j-api-2.0.7.jar:/Users/sarthakdayanand/.m2/repository/com/google/code/gson/gson/2.10.1/gson-2.10.1.jar:/Users/sarthakdayanand/.m2/repository/com/github/docker-java/docker-java/3.3.0/docker-java-3.3.0.jar:/Users/sarthakdayanand/.m2/repository/com/github/docker-java/docker-java-core/3.3.0/docker-java-core-3.3.0.jar:/Users/sarthakdayanand/.m2/repository/com/github/docker-java/docker-java-api/3.3.0/docker-java-api-3.3.0.jar:/Users/sarthakdayanand/.m2/repository/com/fasterxml/jackson/core/jackson-annotations/2.10.3/jackson-annotations-2.10.3.jar:/Users/sarthakdayanand/.m2/repository/commons-io/commons-io/2.6/commons-io-2.6.jar:/Users/sarthakdayanand/.m2/repository/org/apache/commons/commons-compress/1.21/commons-compress-1.21.jar:/Users/sarthakdayanand/.m2/repository/com/fasterxml/jackson/core/jackson-databind/2.10.3/jackson-databind-2.10.3.jar:/Users/sarthakdayanand/.m2/repository/com/fasterxml/jackson/core/jackson-core/2.10.3/jackson-core-2.10.3.jar:/Users/sarthakdayanand/.m2/repository/org/bouncycastle/bcpkix-jdk15on/1.64/bcpkix-jdk15on-1.64.jar:/Users/sarthakdayanand/.m2/repository/org/bouncycastle/bcprov-jdk15on/1.64/bcprov-jdk15on-1.64.jar:/Users/sarthakdayanand/.m2/repository/org/slf4j/jcl-over-slf4j/1.7.30/jcl-over-slf4j-1.7.30.jar:/Users/sarthakdayanand/.m2/repository/com/github/docker-java/docker-java-transport-httpclient5/3.3.0/docker-java-transport-httpclient5-3.3.0.jar:/Users/sarthakdayanand/.m2/repository/com/github/docker-java/docker-java-transport/3.3.0/docker-java-transport-3.3.0.jar:/Users/sarthakdayanand/.m2/repository/net/java/dev/jna/jna/5.12.1/jna-5.12.1.jar:/Users/sarthakdayanand/.m2/repository/org/brotli/dec/0.1.2/dec-0.1.2.jar:/Users/sarthakdayanand/.m2/repository/org/apache/commons/commons-lang3/3.12.0/commons-lang3-3.12.0.jar:/Users/sarthakdayanand/.m2/repository/org/apache/httpcomponents/client5/httpclient5/5.2.1/httpclient5-5.2.1.jar:/Users/sarthakdayanand/.m2/repository/org/apache/httpcomponents/core5/httpcore5/5.2/httpcore5-5.2.jar:/Users/sarthakdayanand/.m2/repository/org/apache/httpcomponents/core5/httpcore5-h2/5.2/httpcore5-h2-5.2.jar:/Users/sarthakdayanand/.m2/repository/org/testng/testng/7.8.0/testng-7.8.0.jar:/Users/sarthakdayanand/.m2/repository/com/beust/jcommander/1.82/jcommander-1.82.jar:/Users/sarthakdayanand/.m2/repository/org/webjars/jquery/3.6.1/jquery-3.6.1.jar:/Users/sarthakdayanand/.m2/repository/io/cucumber/cucumber-java/7.12.0/cucumber-java-7.12.0.jar:/Users/sarthakdayanand/.m2/repository/io/cucumber/cucumber-core/7.12.0/cucumber-core-7.12.0.jar:/Users/sarthakdayanand/.m2/repository/io/cucumber/cucumber-gherkin/7.12.0/cucumber-gherkin-7.12.0.jar:/Users/sarthakdayanand/.m2/repository/io/cucumber/cucumber-gherkin-messages/7.12.0/cucumber-gherkin-messages-7.12.0.jar:/Users/sarthakdayanand/.m2/repository/io/cucumber/gherkin/26.2.0/gherkin-26.2.0.jar:/Users/sarthakdayanand/.m2/repository/io/cucumber/messages/22.0.0/messages-22.0.0.jar:/Users/sarthakdayanand/.m2/repository/io/cucumber/tag-expressions/5.0.1/tag-expressions-5.0.1.jar:/Users/sarthakdayanand/.m2/repository/io/cucumber/cucumber-expressions/16.1.2/cucumber-expressions-16.1.2.jar:/Users/sarthakdayanand/.m2/repository/io/cucumber/datatable/7.12.0/datatable-7.12.0.jar:/Users/sarthakdayanand/.m2/repository/io/cucumber/cucumber-plugin/7.12.0/cucumber-plugin-7.12.0.jar:/Users/sarthakdayanand/.m2/repository/io/cucumber/docstring/7.12.0/docstring-7.12.0.jar:/Users/sarthakdayanand/.m2/repository/io/cucumber/html-formatter/20.3.0/html-formatter-20.3.0.jar:/Users/sarthakdayanand/.m2/repository/io/cucumber/junit-xml-formatter/0.2.0/junit-xml-formatter-0.2.0.jar:/Users/sarthakdayanand/.m2/repository/io/cucumber/ci-environment/9.2.0/ci-environment-9.2.0.jar:/Users/sarthakdayanand/.m2/repository/org/apiguardian/apiguardian-api/1.1.2/apiguardian-api-1.1.2.jar:/Users/sarthakdayanand/.m2/repository/io/cucumber/cucumber-testng/7.12.0/cucumber-testng-7.12.0.jar:"/>
    <property name="java.vm.vendor" value="Oracle Corporation"/>
    <property name="sun.arch.data.model" value="64"/>
    <property name="java.vendor.url" value="https://java.oracle.com/"/>
    <property name="user.timezone" value="Europe/London"/>
    <property name="os.name" value="Mac OS X"/>
    <property name="java.vm.specification.version" value="17"/>
    <property name="sun.java.launcher" value="SUN_STANDARD"/>
    <property name="user.country" value="GB"/>
    <property name="sun.boot.library.path" value="/Library/Java/JavaVirtualMachines/jdk-17.jdk/Contents/Home/lib"/>
    <property name="sun.java.command" value="/Users/sarthakdayanand/Documents/HMRCDigital/DevWorkspace/TestAutomationDemo/target/surefire/surefirebooter-20230602195453228_3.jar /Users/sarthakdayanand/Documents/HMRCDigital/DevWorkspace/TestAutomationDemo/target/surefire 2023-06-02T19-54-53_140-jvmRun1 surefire-20230602195453228_1tmp surefire_0-20230602195453228_2tmp"/>
    <property name="http.nonProxyHosts" value="169.254/16|*.169.254/16"/>
    <property name="jdk.debug" value="release"/>
    <property name="surefire.test.class.path" value="/Users/sarthakdayanand/Documents/HMRCDigital/DevWorkspace/TestAutomationDemo/target/test-classes:/Users/sarthakdayanand/Documents/HMRCDigital/DevWorkspace/TestAutomationDemo/target/classes:/Users/sarthakdayanand/.m2/repository/org/seleniumhq/selenium/selenium-java/3.141.59/selenium-java-3.141.59.jar:/Users/sarthakdayanand/.m2/repository/org/seleniumhq/selenium/selenium-api/3.141.59/selenium-api-3.141.59.jar:/Users/sarthakdayanand/.m2/repository/org/seleniumhq/selenium/selenium-chrome-driver/3.141.59/selenium-chrome-driver-3.141.59.jar:/Users/sarthakdayanand/.m2/repository/org/seleniumhq/selenium/selenium-edge-driver/3.141.59/selenium-edge-driver-3.141.59.jar:/Users/sarthakdayanand/.m2/repository/org/seleniumhq/selenium/selenium-firefox-driver/3.141.59/selenium-firefox-driver-3.141.59.jar:/Users/sarthakdayanand/.m2/repository/org/seleniumhq/selenium/selenium-ie-driver/3.141.59/selenium-ie-driver-3.141.59.jar:/Users/sarthakdayanand/.m2/repository/org/seleniumhq/selenium/selenium-opera-driver/3.141.59/selenium-opera-driver-3.141.59.jar:/Users/sarthakdayanand/.m2/repository/org/seleniumhq/selenium/selenium-remote-driver/3.141.59/selenium-remote-driver-3.141.59.jar:/Users/sarthakdayanand/.m2/repository/org/seleniumhq/selenium/selenium-safari-driver/3.141.59/selenium-safari-driver-3.141.59.jar:/Users/sarthakdayanand/.m2/repository/org/seleniumhq/selenium/selenium-support/3.141.59/selenium-support-3.141.59.jar:/Users/sarthakdayanand/.m2/repository/net/bytebuddy/byte-buddy/1.8.15/byte-buddy-1.8.15.jar:/Users/sarthakdayanand/.m2/repository/org/apache/commons/commons-exec/1.3/commons-exec-1.3.jar:/Users/sarthakdayanand/.m2/repository/com/google/guava/guava/25.0-jre/guava-25.0-jre.jar:/Users/sarthakdayanand/.m2/repository/com/google/code/findbugs/jsr305/1.3.9/jsr305-1.3.9.jar:/Users/sarthakdayanand/.m2/repository/org/checkerframework/checker-compat-qual/2.0.0/checker-compat-qual-2.0.0.jar:/Users/sarthakdayanand/.m2/repository/com/google/errorprone/error_prone_annotations/2.1.3/error_prone_annotations-2.1.3.jar:/Users/sarthakdayanand/.m2/repository/com/google/j2objc/j2objc-annotations/1.1/j2objc-annotations-1.1.jar:/Users/sarthakdayanand/.m2/repository/org/codehaus/mojo/animal-sniffer-annotations/1.14/animal-sniffer-annotations-1.14.jar:/Users/sarthakdayanand/.m2/repository/com/squareup/okhttp3/okhttp/3.11.0/okhttp-3.11.0.jar:/Users/sarthakdayanand/.m2/repository/com/squareup/okio/okio/1.14.0/okio-1.14.0.jar:/Users/sarthakdayanand/.m2/repository/io/github/bonigarcia/webdrivermanager/5.3.3/webdrivermanager-5.3.3.jar:/Users/sarthakdayanand/.m2/repository/org/slf4j/slf4j-api/2.0.7/slf4j-api-2.0.7.jar:/Users/sarthakdayanand/.m2/repository/com/google/code/gson/gson/2.10.1/gson-2.10.1.jar:/Users/sarthakdayanand/.m2/repository/com/github/docker-java/docker-java/3.3.0/docker-java-3.3.0.jar:/Users/sarthakdayanand/.m2/repository/com/github/docker-java/docker-java-core/3.3.0/docker-java-core-3.3.0.jar:/Users/sarthakdayanand/.m2/repository/com/github/docker-java/docker-java-api/3.3.0/docker-java-api-3.3.0.jar:/Users/sarthakdayanand/.m2/repository/com/fasterxml/jackson/core/jackson-annotations/2.10.3/jackson-annotations-2.10.3.jar:/Users/sarthakdayanand/.m2/repository/commons-io/commons-io/2.6/commons-io-2.6.jar:/Users/sarthakdayanand/.m2/repository/org/apache/commons/commons-compress/1.21/commons-compress-1.21.jar:/Users/sarthakdayanand/.m2/repository/com/fasterxml/jackson/core/jackson-databind/2.10.3/jackson-databind-2.10.3.jar:/Users/sarthakdayanand/.m2/repository/com/fasterxml/jackson/core/jackson-core/2.10.3/jackson-core-2.10.3.jar:/Users/sarthakdayanand/.m2/repository/org/bouncycastle/bcpkix-jdk15on/1.64/bcpkix-jdk15on-1.64.jar:/Users/sarthakdayanand/.m2/repository/org/bouncycastle/bcprov-jdk15on/1.64/bcprov-jdk15on-1.64.jar:/Users/sarthakdayanand/.m2/repository/org/slf4j/jcl-over-slf4j/1.7.30/jcl-over-slf4j-1.7.30.jar:/Users/sarthakdayanand/.m2/repository/com/github/docker-java/docker-java-transport-httpclient5/3.3.0/docker-java-transport-httpclient5-3.3.0.jar:/Users/sarthakdayanand/.m2/repository/com/github/docker-java/docker-java-transport/3.3.0/docker-java-transport-3.3.0.jar:/Users/sarthakdayanand/.m2/repository/net/java/dev/jna/jna/5.12.1/jna-5.12.1.jar:/Users/sarthakdayanand/.m2/repository/org/brotli/dec/0.1.2/dec-0.1.2.jar:/Users/sarthakdayanand/.m2/repository/org/apache/commons/commons-lang3/3.12.0/commons-lang3-3.12.0.jar:/Users/sarthakdayanand/.m2/repository/org/apache/httpcomponents/client5/httpclient5/5.2.1/httpclient5-5.2.1.jar:/Users/sarthakdayanand/.m2/repository/org/apache/httpcomponents/core5/httpcore5/5.2/httpcore5-5.2.jar:/Users/sarthakdayanand/.m2/repository/org/apache/httpcomponents/core5/httpcore5-h2/5.2/httpcore5-h2-5.2.jar:/Users/sarthakdayanand/.m2/repository/org/testng/testng/7.8.0/testng-7.8.0.jar:/Users/sarthakdayanand/.m2/repository/com/beust/jcommander/1.82/jcommander-1.82.jar:/Users/sarthakdayanand/.m2/repository/org/webjars/jquery/3.6.1/jquery-3.6.1.jar:/Users/sarthakdayanand/.m2/repository/io/cucumber/cucumber-java/7.12.0/cucumber-java-7.12.0.jar:/Users/sarthakdayanand/.m2/repository/io/cucumber/cucumber-core/7.12.0/cucumber-core-7.12.0.jar:/Users/sarthakdayanand/.m2/repository/io/cucumber/cucumber-gherkin/7.12.0/cucumber-gherkin-7.12.0.jar:/Users/sarthakdayanand/.m2/repository/io/cucumber/cucumber-gherkin-messages/7.12.0/cucumber-gherkin-messages-7.12.0.jar:/Users/sarthakdayanand/.m2/repository/io/cucumber/gherkin/26.2.0/gherkin-26.2.0.jar:/Users/sarthakdayanand/.m2/repository/io/cucumber/messages/22.0.0/messages-22.0.0.jar:/Users/sarthakdayanand/.m2/repository/io/cucumber/tag-expressions/5.0.1/tag-expressions-5.0.1.jar:/Users/sarthakdayanand/.m2/repository/io/cucumber/cucumber-expressions/16.1.2/cucumber-expressions-16.1.2.jar:/Users/sarthakdayanand/.m2/repository/io/cucumber/datatable/7.12.0/datatable-7.12.0.jar:/Users/sarthakdayanand/.m2/repository/io/cucumber/cucumber-plugin/7.12.0/cucumber-plugin-7.12.0.jar:/Users/sarthakdayanand/.m2/repository/io/cucumber/docstring/7.12.0/docstring-7.12.0.jar:/Users/sarthakdayanand/.m2/repository/io/cucumber/html-formatter/20.3.0/html-formatter-20.3.0.jar:/Users/sarthakdayanand/.m2/repository/io/cucumber/junit-xml-formatter/0.2.0/junit-xml-formatter-0.2.0.jar:/Users/sarthakdayanand/.m2/repository/io/cucumber/ci-environment/9.2.0/ci-environment-9.2.0.jar:/Users/sarthakdayanand/.m2/repository/org/apiguardian/apiguardian-api/1.1.2/apiguardian-api-1.1.2.jar:/Users/sarthakdayanand/.m2/repository/io/cucumber/cucumber-testng/7.12.0/cucumber-testng-7.12.0.jar:"/>
    <property name="sun.cpu.endian" value="little"/>
    <property name="user.home" value="/Users/sarthakdayanand"/>
    <property name="user.language" value="en"/>
    <property name="java.specification.vendor" value="Oracle Corporation"/>
    <property name="java.version.date" value="2023-04-18"/>
    <property name="java.home" value="/Library/Java/JavaVirtualMachines/jdk-17.jdk/Contents/Home"/>
    <property name="file.separator" value="/"/>
    <property name="basedir" value="/Users/sarthakdayanand/Documents/HMRCDigital/DevWorkspace/TestAutomationDemo"/>
    <property name="java.vm.compressedOopsMode" value="Zero based"/>
    <property name="line.separator" value="&#10;"/>
    <property name="java.specification.name" value="Java Platform API Specification"/>
    <property name="java.vm.specification.vendor" value="Oracle Corporation"/>
    <property name="surefire.real.class.path" value="/Users/sarthakdayanand/Documents/HMRCDigital/DevWorkspace/TestAutomationDemo/target/surefire/surefirebooter-20230602195453228_3.jar"/>
    <property name="sun.management.compiler" value="HotSpot 64-Bit Tiered Compilers"/>
    <property name="ftp.nonProxyHosts" value="169.254/16|*.169.254/16"/>
    <property name="java.runtime.version" value="17.0.7+8-LTS-224"/>
    <property name="user.name" value="sarthakdayanand"/>
    <property name="path.separator" value=":"/>
    <property name="os.version" value="11.5.2"/>
    <property name="java.runtime.name" value="Java(TM) SE Runtime Environment"/>
    <property name="file.encoding" value="UTF-8"/>
    <property name="java.vm.name" value="Java HotSpot(TM) 64-Bit Server VM"/>
    <property name="localRepository" value="/Users/sarthakdayanand/.m2/repository"/>
    <property name="java.vendor.url.bug" value="https://bugreport.java.com/bugreport/"/>
    <property name="java.io.tmpdir" value="/var/folders/js/tj9ts7vx6snbsbgbhrcqrq0h0000gn/T/"/>
    <property name="java.version" value="17.0.7"/>
    <property name="user.dir" value="/Users/sarthakdayanand/Documents/HMRCDigital/DevWorkspace/TestAutomationDemo"/>
    <property name="os.arch" value="x86_64"/>
    <property name="java.vm.specification.name" value="Java Virtual Machine Specification"/>
    <property name="native.encoding" value="UTF-8"/>
    <property name="java.library.path" value="/Users/sarthakdayanand/Library/Java/Extensions:/Library/Java/Extensions:/Network/Library/Java/Extensions:/System/Library/Java/Extensions:/usr/lib/java:."/>
    <property name="java.vm.info" value="mixed mode, sharing"/>
    <property name="java.vendor" value="Oracle Corporation"/>
    <property name="java.vm.version" value="17.0.7+8-LTS-224"/>
    <property name="sun.io.unicode.encoding" value="UnicodeBig"/>
    <property name="socksNonProxyHosts" value="169.254/16|*.169.254/16"/>
    <property name="java.class.version" value="61.0"/>
  </properties>
  <testcase name="runScenario[&quot;I navigate to google&quot;, &quot;Test demo&quot;](1)" classname="runners.Runner" time="0.094">
    <failure message="Cannot invoke &quot;org.openqa.selenium.WebDriver.get(String)&quot; because &quot;this.driver&quot; is null" type="java.lang.NullPointerException"><![CDATA[java.lang.NullPointerException: Cannot invoke "org.openqa.selenium.WebDriver.get(String)" because "this.driver" is null
	at step_defs.StepDefinitions.i_navigate_to_google_home_page(StepDefinitions.java:32)
	at ✽.I navigate to google home page(file:///Users/sarthakdayanand/Documents/HMRCDigital/DevWorkspace/TestAutomationDemo/src/test/resources/features/demo.feature:5)
]]></failure>
    <system-out><![CDATA[
@demo
Scenario Outline: I navigate to google               &amp#27;[90m# src/test/resources/features/demo.feature:12&amp#27;[0m
  &amp#27;[31mGiven &amp#27;[0m&amp#27;[31mI navigate to google home page&amp#27;[0m               &amp#27;[90m# step_defs.StepDefinitions.i_navigate_to_google_home_page()&amp#27;[0m
      &amp#27;[31mjava.lang.NullPointerException: Cannot invoke "org.openqa.selenium.WebDriver.get(String)" because "this.driver" is null
	at step_defs.StepDefinitions.i_navigate_to_google_home_page(StepDefinitions.java:32)
	at ✽.I navigate to google home page(file:///Users/sarthakdayanand/Documents/HMRCDigital/DevWorkspace/TestAutomationDemo/src/test/resources/features/demo.feature:5)
&amp#27;[0m
  &amp#27;[36mThen &amp#27;[0m&amp#27;[36mgoogle homepage should be loaded&amp#27;[0m              &amp#27;[90m# step_defs.StepDefinitions.google_homepage_should_be_loaded()&amp#27;[0m
  &amp#27;[36mWhen &amp#27;[0m&amp#27;[36mI search for a string &amp#27;[0m&amp#27;[36m&amp#27;[1m"google co uk"&amp#27;[0m          &amp#27;[90m# step_defs.StepDefinitions.iSearchForAStringSearchString(java.lang.String)&amp#27;[0m
  &amp#27;[36mThen &amp#27;[0m&amp#27;[36mfirst result should be &amp#27;[0m&amp#27;[36m&amp#27;[1m"https://google.co.uk"&amp#27;[0m &amp#27;[90m# step_defs.StepDefinitions.firstResultShouldBeResult()&amp#27;[0m
      &amp#27;[31mjava.lang.NullPointerException: Cannot invoke "org.openqa.selenium.WebDriver.close()" because "this.driver" is null
	at step_defs.StepDefinitions.tearDown(StepDefinitions.java:20)
&amp#27;[0m
]]></system-out>
    <system-err><![CDATA[SLF4J: No SLF4J providers were found.
SLF4J: Defaulting to no-operation (NOP) logger implementation
SLF4J: See https://www.slf4j.org/codes.html#noProviders for further details.
]]></system-err>
  </testcase>
</testsuite>